2020-08-05 22:30:04,443 INFO  [org.jboss.as.webservices] (ServerService Thread Pool -- 48) JBAS015537: Activating WebServices Extension
2020-08-05 22:30:04,447 INFO  [org.jboss.as.security] (ServerService Thread Pool -- 45) JBAS013171: Activating Security Subsystem
2020-08-05 22:30:04,451 INFO  [org.jboss.as.clustering.infinispan] (ServerService Thread Pool -- 32) JBAS010280: Activating Infinispan subsystem.
2020-08-05 22:30:04,451 INFO  [org.jboss.as.naming] (ServerService Thread Pool -- 40) JBAS011800: Activating Naming Subsystem
2020-08-05 22:30:04,463 WARN  [org.jboss.as.txn] (ServerService Thread Pool -- 46) JBAS010153: Node identifier property is set to the default value. Please make sure it is unique.
2020-08-05 22:30:04,479 INFO  [org.jboss.as.security] (MSC service thread 1-4) JBAS013170: Current PicketBox version=4.0.21.Final
2020-08-05 22:30:04,514 INFO  [org.jboss.as.jsf] (ServerService Thread Pool -- 38) JBAS012615: Activated the following JSF Implementations: [main]
2020-08-05 22:30:04,536 INFO  [org.wildfly.extension.io] (ServerService Thread Pool -- 31) WFLYIO001: Worker 'default' has auto-configured to 8 core threads with 64 task threads based on your 4 available processors
2020-08-05 22:30:04,555 INFO  [org.wildfly.extension.undertow] (ServerService Thread Pool -- 47) JBAS017502: Undertow 1.1.0.Final starting
2020-08-05 22:30:04,554 INFO  [org.wildfly.extension.undertow] (MSC service thread 1-7) JBAS017502: Undertow 1.1.0.Final starting
2020-08-05 22:30:04,596 INFO  [org.jboss.as.connector.logging] (MSC service thread 1-4) JBAS010408: Starting JCA Subsystem (IronJacamar 1.1.9.Final)
2020-08-05 22:30:04,667 INFO  [org.jboss.as.mail.extension] (MSC service thread 1-7) JBAS015400: Bound mail session [java:jboss/mail/Default]
2020-08-05 22:30:04,674 INFO  [org.jboss.as.naming] (MSC service thread 1-6) JBAS011802: Starting Naming Service
2020-08-05 22:30:04,856 INFO  [org.jboss.as.connector.subsystems.datasources] (ServerService Thread Pool -- 27) JBAS010403: Deploying JDBC-compliant driver class org.h2.Driver (version 1.3)
2020-08-05 22:30:04,893 INFO  [org.jboss.as.connector.deployers.jdbc] (MSC service thread 1-7) JBAS010417: Started Driver service with driver-name = h2
2020-08-05 22:30:04,979 INFO  [org.jboss.remoting] (MSC service thread 1-5) JBoss Remoting version 4.0.6.Final
2020-08-05 22:30:05,280 INFO  [org.wildfly.extension.undertow] (ServerService Thread Pool -- 47) JBAS017527: Creating file handler for path C:\Users\cw015\Documents\alura\aulas\soap\wildfly\wildfly-8.2.0.Final/welcome-content
2020-08-05 22:30:05,286 INFO  [org.wildfly.extension.undertow] (MSC service thread 1-4) JBAS017525: Started server default-server.
2020-08-05 22:30:05,292 INFO  [org.wildfly.extension.undertow] (MSC service thread 1-4) JBAS017531: Host default-host starting
2020-08-05 22:30:05,577 INFO  [org.wildfly.extension.undertow] (MSC service thread 1-5) JBAS017519: Undertow HTTP listener default listening on localhost/127.0.0.1:8080
2020-08-05 22:30:05,711 INFO  [org.jboss.as.connector.subsystems.datasources] (MSC service thread 1-2) JBAS010400: Bound data source [java:jboss/datasources/ExampleDS]
2020-08-05 22:30:05,970 INFO  [org.jboss.as.server.deployment.scanner] (MSC service thread 1-4) JBAS015012: Started FileSystemDeploymentService for directory C:\Users\cw015\Documents\alura\aulas\soap\wildfly\wildfly-8.2.0.Final\standalone\deployments
2020-08-05 22:30:06,424 INFO  [org.jboss.ws.common.management] (MSC service thread 1-3) JBWS022052: Starting JBoss Web Services - Stack CXF Server 4.3.2.Final
2020-08-05 22:30:06,624 INFO  [org.jboss.as] (Controller Boot Thread) JBAS015961: Http management interface listening on http://127.0.0.1:9990/management
2020-08-05 22:30:06,624 INFO  [org.jboss.as] (Controller Boot Thread) JBAS015951: Admin console listening on http://127.0.0.1:9990
2020-08-05 22:30:06,625 INFO  [org.jboss.as] (Controller Boot Thread) JBAS015874: WildFly 8.2.0.Final "Tweek" started in 10145ms - Started 184 of 234 services (82 services are lazy, passive or on-demand)
2020-08-05 22:39:25,175 INFO  [org.jboss.modules] (main) JBoss Modules version 1.3.3.Final
2020-08-05 22:39:25,353 INFO  [org.jboss.msc] (main) JBoss MSC version 1.2.2.Final
2020-08-05 22:39:25,409 INFO  [org.jboss.as] (MSC service thread 1-5) JBAS015899: WildFly 8.2.0.Final "Tweek" starting
2020-08-05 22:39:25,414 DEBUG [org.jboss.as.config] (MSC service thread 1-5) Configured system properties:
	awt.toolkit = sun.awt.windows.WToolkit
	file.encoding = UTF-8
	file.encoding.pkg = sun.io
	file.separator = \
	java.awt.graphicsenv = sun.awt.Win32GraphicsEnvironment
	java.awt.headless = true
	java.awt.printerjob = sun.awt.windows.WPrinterJob
	java.class.path = C:\Users\cw015\Documents\alura\aulas\soap\wildfly\wildfly-8.2.0.Final\jboss-modules.jar;C:\Program Files\Java\jre1.8.0_181\lib\resources.jar;C:\Program Files\Java\jre1.8.0_181\lib\rt.jar;C:\Program Files\Java\jre1.8.0_181\lib\jsse.jar;C:\Program Files\Java\jre1.8.0_181\lib\jce.jar;C:\Program Files\Java\jre1.8.0_181\lib\charsets.jar;C:\Program Files\Java\jre1.8.0_181\lib\jfr.jar
	java.class.version = 52.0
	java.endorsed.dirs = C:\Program Files\Java\jre1.8.0_181\lib\endorsed
	java.ext.dirs = C:\Program Files\Java\jre1.8.0_181\lib\ext;C:\WINDOWS\Sun\Java\lib\ext
	java.home = C:\Program Files\Java\jre1.8.0_181
	java.io.tmpdir = C:\Users\cw015\AppData\Local\Temp\
	java.library.path = C:\Program Files\Java\jre1.8.0_181\bin;C:\WINDOWS\Sun\Java\bin;C:\WINDOWS\system32;C:\WINDOWS;native;C:/Program Files/Java/jre1.8.0_181/bin/server;C:/Program Files/Java/jre1.8.0_181/bin;C:/Program Files/Java/jre1.8.0_181/lib/amd64;C:\Python38\Scripts\;C:\Python38\;C:\Program Files (x86)\Common Files\Oracle\Java\javapath;C:\Windows\system32;C:\Windows;C:\Windows\System32\Wbem;C:\Windows\System32\WindowsPowerShell\v1.0\;C:\Program Files (x86)\NVIDIA Corporation\PhysX\Common;C:\Program Files\dotnet\;C:\Program Files\Microsoft SQL Server\130\Tools\Binn\;C:\WINDOWS\system32;C:\WINDOWS;C:\WINDOWS\System32\Wbem;C:\WINDOWS\System32\WindowsPowerShell\v1.0\;C:\WINDOWS\System32\OpenSSH\;C:\PROGRA~2\Groovy\GROOVY~1.2\bin;C:\Program Files\PuTTY\;C:\Program Files\Git\cmd;C:\Program Files\Microsoft VS Code\bin;C:\xampp\php;C:\ProgramData\ComposerSetup\bin;C:\Program Files\nodejs\;C:\ProgramData\chocolatey\bin;C:\Users\cw015\AppData\Local\Microsoft\WindowsApps;C:\Users\cw015\AppData\Local\GitHubDesktop\bin;C:\Users\cw015\AppData\Roaming\Composer\vendor\bin;C:\Program Files\heroku\bin;C:\Users\cw015\AppData\Roaming\npm;C:\Users\cw015\Desktop\eclipse-photon\eclipse;;.
	java.net.preferIPv4Stack = true
	java.runtime.name = Java(TM) SE Runtime Environment
	java.runtime.version = 1.8.0_181-b13
	java.specification.name = Java Platform API Specification
	java.specification.vendor = Oracle Corporation
	java.specification.version = 1.8
	java.util.logging.manager = org.jboss.logmanager.LogManager
	java.vendor = Oracle Corporation
	java.vendor.url = http://java.oracle.com/
	java.vendor.url.bug = http://bugreport.sun.com/bugreport/
	java.version = 1.8.0_181
	java.vm.info = mixed mode
	java.vm.name = Java HotSpot(TM) 64-Bit Server VM
	java.vm.specification.name = Java Virtual Machine Specification
	java.vm.specification.vendor = Oracle Corporation
	java.vm.specification.version = 1.8
	java.vm.vendor = Oracle Corporation
	java.vm.version = 25.181-b13
	javax.management.builder.initial = org.jboss.as.jmx.PluggableMBeanServerBuilder
	javax.xml.datatype.DatatypeFactory = __redirected.__DatatypeFactory
	javax.xml.parsers.DocumentBuilderFactory = __redirected.__DocumentBuilderFactory
	javax.xml.parsers.SAXParserFactory = __redirected.__SAXParserFactory
	javax.xml.stream.XMLEventFactory = __redirected.__XMLEventFactory
	javax.xml.stream.XMLInputFactory = __redirected.__XMLInputFactory
	javax.xml.stream.XMLOutputFactory = __redirected.__XMLOutputFactory
	javax.xml.transform.TransformerFactory = __redirected.__TransformerFactory
	javax.xml.validation.SchemaFactory:http://www.w3.org/2001/XMLSchema = __redirected.__SchemaFactory
	javax.xml.xpath.XPathFactory:http://java.sun.com/jaxp/xpath/dom = __redirected.__XPathFactory
	jboss.bind.address = localhost
	jboss.bind.address.management = localhost
	jboss.home.dir = C:\Users\cw015\Documents\alura\aulas\soap\wildfly\wildfly-8.2.0.Final
	jboss.host.name = laptop-1i11bgig
	jboss.modules.dir = C:\Users\cw015\Documents\alura\aulas\soap\wildfly\wildfly-8.2.0.Final\modules
	jboss.modules.system.pkgs = org.jboss.byteman
	jboss.node.name = laptop-1i11bgig
	jboss.qualified.host.name = laptop-1i11bgig
	jboss.server.base.dir = C:\Users\cw015\Documents\alura\aulas\soap\wildfly\wildfly-8.2.0.Final\standalone
	jboss.server.config.dir = C:\Users\cw015\Documents\alura\aulas\soap\wildfly\wildfly-8.2.0.Final\standalone\configuration
	jboss.server.data.dir = C:\Users\cw015\Documents\alura\aulas\soap\wildfly\wildfly-8.2.0.Final\standalone\data
	jboss.server.deploy.dir = C:\Users\cw015\Documents\alura\aulas\soap\wildfly\wildfly-8.2.0.Final\standalone\data\content
	jboss.server.log.dir = C:\Users\cw015\Documents\alura\aulas\soap\wildfly\wildfly-8.2.0.Final\standalone\log
	jboss.server.name = laptop-1i11bgig
	jboss.server.persist.config = true
	jboss.server.temp.dir = C:\Users\cw015\Documents\alura\aulas\soap\wildfly\wildfly-8.2.0.Final\standalone\tmp
	line.separator = 

	logging.configuration = file:C:\Users\cw015\Documents\alura\aulas\soap\wildfly\wildfly-8.2.0.Final\standalone\configuration\logging.properties
	module.path = C:\Users\cw015\Documents\alura\aulas\soap\wildfly\wildfly-8.2.0.Final\modules
	org.jboss.boot.log.file = C:\Users\cw015\Documents\alura\aulas\soap\wildfly\wildfly-8.2.0.Final\standalone\log\boot.log
	org.jboss.logmanager.nocolor = true
	org.jboss.resolver.warning = true
	org.xml.sax.driver = __redirected.__XMLReaderFactory
	os.arch = amd64
	os.name = Windows 10
	os.version = 10.0
	path.separator = ;
	program.name = JBossTools: WildFly 8.x
	sun.arch.data.model = 64
	sun.boot.class.path = C:\Program Files\Java\jre1.8.0_181\lib\resources.jar;C:\Program Files\Java\jre1.8.0_181\lib\rt.jar;C:\Program Files\Java\jre1.8.0_181\lib\sunrsasign.jar;C:\Program Files\Java\jre1.8.0_181\lib\jsse.jar;C:\Program Files\Java\jre1.8.0_181\lib\jce.jar;C:\Program Files\Java\jre1.8.0_181\lib\charsets.jar;C:\Program Files\Java\jre1.8.0_181\lib\jfr.jar;C:\Program Files\Java\jre1.8.0_181\classes
	sun.boot.library.path = C:\Program Files\Java\jre1.8.0_181\bin
	sun.cpu.endian = little
	sun.cpu.isalist = amd64
	sun.desktop = windows
	sun.io.unicode.encoding = UnicodeLittle
	sun.java.command = org.jboss.modules.Main -mp C:\Users\cw015\Documents\alura\aulas\soap\wildfly\wildfly-8.2.0.Final\modules -jaxpmodule javax.xml.jaxp-provider -jaxpmodule javax.xml.jaxp-provider org.jboss.as.standalone -b localhost --server-config=standalone.xml -Djboss.server.base.dir=C:\Users\cw015\Documents\alura\aulas\soap\wildfly\wildfly-8.2.0.Final\standalone
	sun.java.launcher = SUN_STANDARD
	sun.jnu.encoding = Cp1252
	sun.management.compiler = HotSpot 64-Bit Tiered Compilers
	sun.os.patch.level = 
	sun.rmi.dgc.client.gcInterval = 3600000
	sun.rmi.dgc.server.gcInterval = 3600000
	user.country = BR
	user.dir = C:\Users\cw015\Documents\alura\aulas\soap\wildfly\wildfly-8.2.0.Final\bin
	user.home = C:\Users\cw015
	user.language = pt
	user.name = cw015
	user.script = 
	user.timezone = America/Sao_Paulo
	user.variant = 
2020-08-05 22:39:25,415 DEBUG [org.jboss.as.config] (MSC service thread 1-5) VM Arguments: -Dprogram.name=JBossTools: WildFly 8.x -Xms64m -Xmx512m -XX:MaxPermSize=256m -Dorg.jboss.resolver.warning=true -Djava.net.preferIPv4Stack=true -Dsun.rmi.dgc.client.gcInterval=3600000 -Dsun.rmi.dgc.server.gcInterval=3600000 -Djboss.modules.system.pkgs=org.jboss.byteman -Djava.awt.headless=true -Dorg.jboss.boot.log.file=C:\Users\cw015\Documents\alura\aulas\soap\wildfly\wildfly-8.2.0.Final\standalone\log\boot.log -Dlogging.configuration=file:C:\Users\cw015\Documents\alura\aulas\soap\wildfly\wildfly-8.2.0.Final\standalone\configuration\logging.properties -Djboss.home.dir=C:\Users\cw015\Documents\alura\aulas\soap\wildfly\wildfly-8.2.0.Final -Dorg.jboss.logmanager.nocolor=true -Djboss.bind.address.management=localhost -Dfile.encoding=UTF-8 
2020-08-05 22:39:26,727 INFO  [org.jboss.as.server.deployment.scanner] (DeploymentScanner-threads - 1) JBAS015003: Found estoque-web.war in deployment directory. To trigger deployment create a file called estoque-web.war.dodeploy
2020-08-05 22:39:26,744 INFO  [org.jboss.as.server] (Controller Boot Thread) JBAS015888: Creating http management service using socket-binding (management-http)
2020-08-05 22:39:26,760 INFO  [org.xnio] (MSC service thread 1-2) XNIO version 3.3.0.Final
2020-08-05 22:39:26,768 INFO  [org.xnio.nio] (MSC service thread 1-2) XNIO NIO Implementation Version 3.3.0.Final
2020-08-05 22:39:26,831 WARN  [org.jboss.as.txn] (ServerService Thread Pool -- 46) JBAS010153: Node identifier property is set to the default value. Please make sure it is unique.
2020-08-05 22:39:26,834 INFO  [org.jboss.as.webservices] (ServerService Thread Pool -- 48) JBAS015537: Activating WebServices Extension
2020-08-05 22:39:26,852 INFO  [org.jboss.as.security] (ServerService Thread Pool -- 45) JBAS013171: Activating Security Subsystem
2020-08-05 22:39:26,854 INFO  [org.jboss.as.clustering.infinispan] (ServerService Thread Pool -- 32) JBAS010280: Activating Infinispan subsystem.
2020-08-05 22:39:26,855 INFO  [org.jboss.as.security] (MSC service thread 1-4) JBAS013170: Current PicketBox version=4.0.21.Final
2020-08-05 22:39:26,864 INFO  [org.jboss.as.naming] (ServerService Thread Pool -- 40) JBAS011800: Activating Naming Subsystem
2020-08-05 22:39:26,868 INFO  [org.wildfly.extension.undertow] (ServerService Thread Pool -- 47) JBAS017502: Undertow 1.1.0.Final starting
2020-08-05 22:39:26,872 INFO  [org.jboss.as.jsf] (ServerService Thread Pool -- 38) JBAS012615: Activated the following JSF Implementations: [main]
2020-08-05 22:39:26,872 INFO  [org.wildfly.extension.undertow] (MSC service thread 1-6) JBAS017502: Undertow 1.1.0.Final starting
2020-08-05 22:39:26,903 INFO  [org.jboss.as.connector.logging] (MSC service thread 1-6) JBAS010408: Starting JCA Subsystem (IronJacamar 1.1.9.Final)
2020-08-05 22:39:26,952 INFO  [org.jboss.as.connector.subsystems.datasources] (ServerService Thread Pool -- 27) JBAS010403: Deploying JDBC-compliant driver class org.h2.Driver (version 1.3)
2020-08-05 22:39:26,948 INFO  [org.jboss.as.naming] (MSC service thread 1-4) JBAS011802: Starting Naming Service
2020-08-05 22:39:26,965 INFO  [org.jboss.as.mail.extension] (MSC service thread 1-4) JBAS015400: Bound mail session [java:jboss/mail/Default]
2020-08-05 22:39:26,966 INFO  [org.jboss.as.connector.deployers.jdbc] (MSC service thread 1-6) JBAS010417: Started Driver service with driver-name = h2
2020-08-05 22:39:26,989 INFO  [org.wildfly.extension.io] (ServerService Thread Pool -- 31) WFLYIO001: Worker 'default' has auto-configured to 8 core threads with 64 task threads based on your 4 available processors
2020-08-05 22:39:27,134 INFO  [org.jboss.remoting] (MSC service thread 1-3) JBoss Remoting version 4.0.6.Final
2020-08-05 22:39:27,158 INFO  [org.wildfly.extension.undertow] (ServerService Thread Pool -- 47) JBAS017527: Creating file handler for path C:\Users\cw015\Documents\alura\aulas\soap\wildfly\wildfly-8.2.0.Final/welcome-content
2020-08-05 22:39:27,166 INFO  [org.wildfly.extension.undertow] (MSC service thread 1-6) JBAS017525: Started server default-server.
2020-08-05 22:39:27,267 INFO  [org.wildfly.extension.undertow] (MSC service thread 1-8) JBAS017531: Host default-host starting
2020-08-05 22:39:27,472 INFO  [org.jboss.as.server.deployment.scanner] (MSC service thread 1-8) JBAS015012: Started FileSystemDeploymentService for directory C:\Users\cw015\Documents\alura\aulas\soap\wildfly\wildfly-8.2.0.Final\standalone\deployments
2020-08-05 22:39:27,476 INFO  [org.jboss.as.server.deployment] (MSC service thread 1-2) JBAS015876: Starting deployment of "estoque-web.war" (runtime-name: "estoque-web.war")
2020-08-05 22:39:27,851 INFO  [org.wildfly.extension.undertow] (MSC service thread 1-2) JBAS017519: Undertow HTTP listener default listening on localhost/127.0.0.1:8080
2020-08-05 22:39:28,004 INFO  [org.jboss.as.connector.subsystems.datasources] (MSC service thread 1-8) JBAS010400: Bound data source [java:jboss/datasources/ExampleDS]
2020-08-05 22:39:28,263 INFO  [org.jboss.ws.common.management] (MSC service thread 1-1) JBWS022052: Starting JBoss Web Services - Stack CXF Server 4.3.2.Final
2020-08-05 22:39:29,597 INFO  [org.jboss.ws.cxf.metadata] (MSC service thread 1-6) JBWS024061: Adding service endpoint metadata: id=br.com.caelum.estoque.ws.EstoqueWSImpl
 address=http://localhost:8080/estoque-web/EstoqueWS
 implementor=br.com.caelum.estoque.ws.EstoqueWSImpl
 serviceName={http://ws.estoque.caelum.com.br/}EstoqueWS
 portName={http://ws.estoque.caelum.com.br/}EstoqueWSPort
 annotationWsdlLocation=null
 wsdlLocationOverride=null
 mtomEnabled=false
2020-08-05 22:39:29,858 INFO  [org.apache.cxf.service.factory.ReflectionServiceFactoryBean] (MSC service thread 1-6) Creating Service {http://ws.estoque.caelum.com.br/}EstoqueWS from class br.com.caelum.estoque.ws.EstoqueWS
2020-08-05 22:39:30,284 INFO  [org.apache.cxf.endpoint.ServerImpl] (MSC service thread 1-6) Setting the server's publish address to be http://localhost:8080/estoque-web/EstoqueWS
2020-08-05 22:39:30,392 INFO  [org.jboss.ws.cxf.deployment] (MSC service thread 1-6) JBWS024074: WSDL published to: file:/C:/Users/cw015/Documents/alura/aulas/soap/wildfly/wildfly-8.2.0.Final/standalone/data/wsdl/estoque-web.war/EstoqueWS.wsdl
2020-08-05 22:39:30,411 INFO  [org.jboss.as.webservices] (MSC service thread 1-8) JBAS015539: Starting service jboss.ws.endpoint."estoque-web.war"."br.com.caelum.estoque.ws.EstoqueWSImpl"
2020-08-05 22:39:30,763 INFO  [org.wildfly.extension.undertow] (MSC service thread 1-1) JBAS017534: Registered web context: /estoque-web
2020-08-05 22:39:30,799 INFO  [org.jboss.as.server] (ServerService Thread Pool -- 28) JBAS018559: Deployed "estoque-web.war" (runtime-name : "estoque-web.war")
2020-08-05 22:39:30,874 INFO  [org.jboss.as] (Controller Boot Thread) JBAS015961: Http management interface listening on http://127.0.0.1:9990/management
2020-08-05 22:39:30,875 INFO  [org.jboss.as] (Controller Boot Thread) JBAS015951: Admin console listening on http://127.0.0.1:9990
2020-08-05 22:39:30,875 INFO  [org.jboss.as] (Controller Boot Thread) JBAS015874: WildFly 8.2.0.Final "Tweek" started in 6100ms - Started 255 of 310 services (92 services are lazy, passive or on-demand)
2020-08-05 22:41:43,814 WARNING [org.apache.cxf.phase.PhaseInterceptorChain] (default task-4) Interceptor for {http://ws.estoque.caelum.com.br/}EstoqueWS#{http://ws.estoque.caelum.com.br/}CadastrarItem has thrown exception, unwinding now: org.apache.cxf.interceptor.Fault: Unmarshalling Error: Not a number: ? 
	at org.apache.cxf.jaxb.JAXBEncoderDecoder.unmarshall(JAXBEncoderDecoder.java:881)
	at org.apache.cxf.jaxb.JAXBEncoderDecoder.unmarshall(JAXBEncoderDecoder.java:702)
	at org.apache.cxf.jaxb.io.DataReaderImpl.read(DataReaderImpl.java:160)
	at org.apache.cxf.interceptor.DocLiteralInInterceptor.handleMessage(DocLiteralInInterceptor.java:192)
	at org.apache.cxf.phase.PhaseInterceptorChain.doIntercept(PhaseInterceptorChain.java:272)
	at org.apache.cxf.transport.ChainInitiationObserver.onMessage(ChainInitiationObserver.java:121)
	at org.apache.cxf.transport.http.AbstractHTTPDestination.invoke(AbstractHTTPDestination.java:241)
	at org.jboss.wsf.stack.cxf.RequestHandlerImpl.handleHttpRequest(RequestHandlerImpl.java:97)
	at org.jboss.wsf.stack.cxf.transport.ServletHelper.callRequestHandler(ServletHelper.java:131)
	at org.jboss.wsf.stack.cxf.CXFServletExt.invoke(CXFServletExt.java:88)
	at org.apache.cxf.transport.servlet.AbstractHTTPServlet.handleRequest(AbstractHTTPServlet.java:286)
	at org.apache.cxf.transport.servlet.AbstractHTTPServlet.doPost(AbstractHTTPServlet.java:206)
	at javax.servlet.http.HttpServlet.service(HttpServlet.java:707) [jboss-servlet-api_3.1_spec-1.0.0.Final.jar:1.0.0.Final]
	at org.jboss.wsf.stack.cxf.CXFServletExt.service(CXFServletExt.java:136)
	at org.jboss.wsf.spi.deployment.WSFServlet.service(WSFServlet.java:140) [jbossws-spi-2.3.1.Final.jar:2.3.1.Final]
	at javax.servlet.http.HttpServlet.service(HttpServlet.java:790) [jboss-servlet-api_3.1_spec-1.0.0.Final.jar:1.0.0.Final]
	at io.undertow.servlet.handlers.ServletHandler.handleRequest(ServletHandler.java:85) [undertow-servlet-1.1.0.Final.jar:1.1.0.Final]
	at io.undertow.servlet.handlers.security.ServletSecurityRoleHandler.handleRequest(ServletSecurityRoleHandler.java:61) [undertow-servlet-1.1.0.Final.jar:1.1.0.Final]
	at io.undertow.servlet.handlers.ServletDispatchingHandler.handleRequest(ServletDispatchingHandler.java:36) [undertow-servlet-1.1.0.Final.jar:1.1.0.Final]
	at org.wildfly.extension.undertow.security.SecurityContextAssociationHandler.handleRequest(SecurityContextAssociationHandler.java:78)
	at io.undertow.server.handlers.PredicateHandler.handleRequest(PredicateHandler.java:43) [undertow-core-1.1.0.Final.jar:1.1.0.Final]
	at io.undertow.servlet.handlers.security.SSLInformationAssociationHandler.handleRequest(SSLInformationAssociationHandler.java:131) [undertow-servlet-1.1.0.Final.jar:1.1.0.Final]
	at io.undertow.servlet.handlers.security.ServletAuthenticationCallHandler.handleRequest(ServletAuthenticationCallHandler.java:56) [undertow-servlet-1.1.0.Final.jar:1.1.0.Final]
	at io.undertow.server.handlers.PredicateHandler.handleRequest(PredicateHandler.java:43) [undertow-core-1.1.0.Final.jar:1.1.0.Final]
	at io.undertow.security.handlers.AbstractConfidentialityHandler.handleRequest(AbstractConfidentialityHandler.java:45) [undertow-core-1.1.0.Final.jar:1.1.0.Final]
	at io.undertow.servlet.handlers.security.ServletConfidentialityConstraintHandler.handleRequest(ServletConfidentialityConstraintHandler.java:63) [undertow-servlet-1.1.0.Final.jar:1.1.0.Final]
	at io.undertow.security.handlers.AuthenticationMechanismsHandler.handleRequest(AuthenticationMechanismsHandler.java:58) [undertow-core-1.1.0.Final.jar:1.1.0.Final]
	at io.undertow.servlet.handlers.security.CachedAuthenticatedSessionHandler.handleRequest(CachedAuthenticatedSessionHandler.java:70) [undertow-servlet-1.1.0.Final.jar:1.1.0.Final]
	at io.undertow.security.handlers.SecurityInitialHandler.handleRequest(SecurityInitialHandler.java:76) [undertow-core-1.1.0.Final.jar:1.1.0.Final]
	at io.undertow.server.handlers.PredicateHandler.handleRequest(PredicateHandler.java:43) [undertow-core-1.1.0.Final.jar:1.1.0.Final]
	at org.wildfly.extension.undertow.security.jacc.JACCContextIdHandler.handleRequest(JACCContextIdHandler.java:61)
	at io.undertow.server.handlers.PredicateHandler.handleRequest(PredicateHandler.java:43) [undertow-core-1.1.0.Final.jar:1.1.0.Final]
	at io.undertow.server.handlers.PredicateHandler.handleRequest(PredicateHandler.java:43) [undertow-core-1.1.0.Final.jar:1.1.0.Final]
	at io.undertow.servlet.handlers.ServletInitialHandler.handleFirstRequest(ServletInitialHandler.java:261) [undertow-servlet-1.1.0.Final.jar:1.1.0.Final]
	at io.undertow.servlet.handlers.ServletInitialHandler.dispatchRequest(ServletInitialHandler.java:247) [undertow-servlet-1.1.0.Final.jar:1.1.0.Final]
	at io.undertow.servlet.handlers.ServletInitialHandler.access$000(ServletInitialHandler.java:76) [undertow-servlet-1.1.0.Final.jar:1.1.0.Final]
	at io.undertow.servlet.handlers.ServletInitialHandler$1.handleRequest(ServletInitialHandler.java:166) [undertow-servlet-1.1.0.Final.jar:1.1.0.Final]
	at io.undertow.server.Connectors.executeRootHandler(Connectors.java:197) [undertow-core-1.1.0.Final.jar:1.1.0.Final]
	at io.undertow.server.HttpServerExchange$1.run(HttpServerExchange.java:759) [undertow-core-1.1.0.Final.jar:1.1.0.Final]
	at java.util.concurrent.ThreadPoolExecutor.runWorker(Unknown Source) [rt.jar:1.8.0_181]
	at java.util.concurrent.ThreadPoolExecutor$Worker.run(Unknown Source) [rt.jar:1.8.0_181]
	at java.lang.Thread.run(Unknown Source) [rt.jar:1.8.0_181]
Caused by: javax.xml.bind.UnmarshalException
 - with linked exception:
[com.sun.istack.SAXParseException2; lineNumber: 18; columnNumber: 26; Not a number: ?]
	at com.sun.xml.bind.v2.runtime.unmarshaller.UnmarshallerImpl.handleStreamException(UnmarshallerImpl.java:435)
	at com.sun.xml.bind.v2.runtime.unmarshaller.UnmarshallerImpl.unmarshal0(UnmarshallerImpl.java:372)
	at com.sun.xml.bind.v2.runtime.unmarshaller.UnmarshallerImpl.unmarshal(UnmarshallerImpl.java:349)
	at org.apache.cxf.jaxb.JAXBEncoderDecoder.doUnmarshal(JAXBEncoderDecoder.java:842)
	at org.apache.cxf.jaxb.JAXBEncoderDecoder.access$100(JAXBEncoderDecoder.java:101)
	at org.apache.cxf.jaxb.JAXBEncoderDecoder$2.run(JAXBEncoderDecoder.java:870)
	at java.security.AccessController.doPrivileged(Native Method) [rt.jar:1.8.0_181]
	at org.apache.cxf.jaxb.JAXBEncoderDecoder.unmarshall(JAXBEncoderDecoder.java:868)
	... 41 more
Caused by: com.sun.istack.SAXParseException2; lineNumber: 18; columnNumber: 26; Not a number: ?
	at com.sun.xml.bind.v2.runtime.unmarshaller.UnmarshallingContext.handleEvent(UnmarshallingContext.java:664)
	at com.sun.xml.bind.v2.runtime.unmarshaller.UnmarshallingContext.handleError(UnmarshallingContext.java:693)
	at com.sun.xml.bind.v2.runtime.unmarshaller.UnmarshallingContext.handleError(UnmarshallingContext.java:689)
	at com.sun.xml.bind.v2.runtime.unmarshaller.Loader.handleParseConversionException(Loader.java:271)
	at com.sun.xml.bind.v2.runtime.unmarshaller.TextLoader.text(TextLoader.java:73)
	at com.sun.xml.bind.v2.runtime.unmarshaller.UnmarshallingContext.text(UnmarshallingContext.java:514)
	at com.sun.xml.bind.v2.runtime.unmarshaller.StAXStreamConnector.processText(StAXStreamConnector.java:338)
	at com.sun.xml.bind.v2.runtime.unmarshaller.StAXStreamConnector.handleEndElement(StAXStreamConnector.java:216)
	at com.sun.xml.bind.v2.runtime.unmarshaller.StAXStreamConnector.bridge(StAXStreamConnector.java:185)
	at com.sun.xml.bind.v2.runtime.unmarshaller.UnmarshallerImpl.unmarshal0(UnmarshallerImpl.java:370)
	... 47 more
Caused by: javax.xml.bind.UnmarshalException: Not a number: ?
 - with linked exception:
[java.lang.NumberFormatException: Not a number: ?]
	... 57 more
Caused by: java.lang.NumberFormatException: Not a number: ?
	at com.sun.xml.bind.DatatypeConverterImpl._parseInt(DatatypeConverterImpl.java:115)
	at com.sun.xml.bind.v2.model.impl.RuntimeBuiltinLeafInfoImpl$17.parse(RuntimeBuiltinLeafInfoImpl.java:728)
	at com.sun.xml.bind.v2.model.impl.RuntimeBuiltinLeafInfoImpl$17.parse(RuntimeBuiltinLeafInfoImpl.java:726)
	at com.sun.xml.bind.v2.runtime.unmarshaller.TextLoader.text(TextLoader.java:69)
	... 52 more

2020-08-05 22:42:02,490 INFO  [stdout] (default task-5) Chamando todos os Itens
2020-08-05 22:43:34,291 INFO  [stdout] (default task-6) Chamando todos os Itens
2020-08-05 22:46:59,934 INFO  [org.jboss.modules] (main) JBoss Modules version 1.3.3.Final
2020-08-05 22:47:00,140 INFO  [org.jboss.msc] (main) JBoss MSC version 1.2.2.Final
2020-08-05 22:47:00,195 INFO  [org.jboss.as] (MSC service thread 1-6) JBAS015899: WildFly 8.2.0.Final "Tweek" starting
2020-08-05 22:47:00,202 DEBUG [org.jboss.as.config] (MSC service thread 1-6) Configured system properties:
	awt.toolkit = sun.awt.windows.WToolkit
	file.encoding = UTF-8
	file.encoding.pkg = sun.io
	file.separator = \
	java.awt.graphicsenv = sun.awt.Win32GraphicsEnvironment
	java.awt.headless = true
	java.awt.printerjob = sun.awt.windows.WPrinterJob
	java.class.path = C:\Users\cw015\Documents\alura\aulas\soap\wildfly\wildfly-8.2.0.Final\jboss-modules.jar;C:\Program Files\Java\jre1.8.0_181\lib\resources.jar;C:\Program Files\Java\jre1.8.0_181\lib\rt.jar;C:\Program Files\Java\jre1.8.0_181\lib\jsse.jar;C:\Program Files\Java\jre1.8.0_181\lib\jce.jar;C:\Program Files\Java\jre1.8.0_181\lib\charsets.jar;C:\Program Files\Java\jre1.8.0_181\lib\jfr.jar
	java.class.version = 52.0
	java.endorsed.dirs = C:\Program Files\Java\jre1.8.0_181\lib\endorsed
	java.ext.dirs = C:\Program Files\Java\jre1.8.0_181\lib\ext;C:\WINDOWS\Sun\Java\lib\ext
	java.home = C:\Program Files\Java\jre1.8.0_181
	java.io.tmpdir = C:\Users\cw015\AppData\Local\Temp\
	java.library.path = C:\Program Files\Java\jre1.8.0_181\bin;C:\WINDOWS\Sun\Java\bin;C:\WINDOWS\system32;C:\WINDOWS;native;C:/Program Files/Java/jre1.8.0_181/bin/server;C:/Program Files/Java/jre1.8.0_181/bin;C:/Program Files/Java/jre1.8.0_181/lib/amd64;C:\Python38\Scripts\;C:\Python38\;C:\Program Files (x86)\Common Files\Oracle\Java\javapath;C:\Windows\system32;C:\Windows;C:\Windows\System32\Wbem;C:\Windows\System32\WindowsPowerShell\v1.0\;C:\Program Files (x86)\NVIDIA Corporation\PhysX\Common;C:\Program Files\dotnet\;C:\Program Files\Microsoft SQL Server\130\Tools\Binn\;C:\WINDOWS\system32;C:\WINDOWS;C:\WINDOWS\System32\Wbem;C:\WINDOWS\System32\WindowsPowerShell\v1.0\;C:\WINDOWS\System32\OpenSSH\;C:\PROGRA~2\Groovy\GROOVY~1.2\bin;C:\Program Files\PuTTY\;C:\Program Files\Git\cmd;C:\Program Files\Microsoft VS Code\bin;C:\xampp\php;C:\ProgramData\ComposerSetup\bin;C:\Program Files\nodejs\;C:\ProgramData\chocolatey\bin;C:\Users\cw015\AppData\Local\Microsoft\WindowsApps;C:\Users\cw015\AppData\Local\GitHubDesktop\bin;C:\Users\cw015\AppData\Roaming\Composer\vendor\bin;C:\Program Files\heroku\bin;C:\Users\cw015\AppData\Roaming\npm;C:\Users\cw015\Desktop\eclipse-photon\eclipse;;.
	java.net.preferIPv4Stack = true
	java.runtime.name = Java(TM) SE Runtime Environment
	java.runtime.version = 1.8.0_181-b13
	java.specification.name = Java Platform API Specification
	java.specification.vendor = Oracle Corporation
	java.specification.version = 1.8
	java.util.logging.manager = org.jboss.logmanager.LogManager
	java.vendor = Oracle Corporation
	java.vendor.url = http://java.oracle.com/
	java.vendor.url.bug = http://bugreport.sun.com/bugreport/
	java.version = 1.8.0_181
	java.vm.info = mixed mode
	java.vm.name = Java HotSpot(TM) 64-Bit Server VM
	java.vm.specification.name = Java Virtual Machine Specification
	java.vm.specification.vendor = Oracle Corporation
	java.vm.specification.version = 1.8
	java.vm.vendor = Oracle Corporation
	java.vm.version = 25.181-b13
	javax.management.builder.initial = org.jboss.as.jmx.PluggableMBeanServerBuilder
	javax.xml.datatype.DatatypeFactory = __redirected.__DatatypeFactory
	javax.xml.parsers.DocumentBuilderFactory = __redirected.__DocumentBuilderFactory
	javax.xml.parsers.SAXParserFactory = __redirected.__SAXParserFactory
	javax.xml.stream.XMLEventFactory = __redirected.__XMLEventFactory
	javax.xml.stream.XMLInputFactory = __redirected.__XMLInputFactory
	javax.xml.stream.XMLOutputFactory = __redirected.__XMLOutputFactory
	javax.xml.transform.TransformerFactory = __redirected.__TransformerFactory
	javax.xml.validation.SchemaFactory:http://www.w3.org/2001/XMLSchema = __redirected.__SchemaFactory
	javax.xml.xpath.XPathFactory:http://java.sun.com/jaxp/xpath/dom = __redirected.__XPathFactory
	jboss.bind.address = localhost
	jboss.bind.address.management = localhost
	jboss.home.dir = C:\Users\cw015\Documents\alura\aulas\soap\wildfly\wildfly-8.2.0.Final
	jboss.host.name = laptop-1i11bgig
	jboss.modules.dir = C:\Users\cw015\Documents\alura\aulas\soap\wildfly\wildfly-8.2.0.Final\modules
	jboss.modules.system.pkgs = org.jboss.byteman
	jboss.node.name = laptop-1i11bgig
	jboss.qualified.host.name = laptop-1i11bgig
	jboss.server.base.dir = C:\Users\cw015\Documents\alura\aulas\soap\wildfly\wildfly-8.2.0.Final\standalone
	jboss.server.config.dir = C:\Users\cw015\Documents\alura\aulas\soap\wildfly\wildfly-8.2.0.Final\standalone\configuration
	jboss.server.data.dir = C:\Users\cw015\Documents\alura\aulas\soap\wildfly\wildfly-8.2.0.Final\standalone\data
	jboss.server.deploy.dir = C:\Users\cw015\Documents\alura\aulas\soap\wildfly\wildfly-8.2.0.Final\standalone\data\content
	jboss.server.log.dir = C:\Users\cw015\Documents\alura\aulas\soap\wildfly\wildfly-8.2.0.Final\standalone\log
	jboss.server.name = laptop-1i11bgig
	jboss.server.persist.config = true
	jboss.server.temp.dir = C:\Users\cw015\Documents\alura\aulas\soap\wildfly\wildfly-8.2.0.Final\standalone\tmp
	line.separator = 

	logging.configuration = file:C:\Users\cw015\Documents\alura\aulas\soap\wildfly\wildfly-8.2.0.Final\standalone\configuration\logging.properties
	module.path = C:\Users\cw015\Documents\alura\aulas\soap\wildfly\wildfly-8.2.0.Final\modules
	org.jboss.boot.log.file = C:\Users\cw015\Documents\alura\aulas\soap\wildfly\wildfly-8.2.0.Final\standalone\log\boot.log
	org.jboss.logmanager.nocolor = true
	org.jboss.resolver.warning = true
	org.xml.sax.driver = __redirected.__XMLReaderFactory
	os.arch = amd64
	os.name = Windows 10
	os.version = 10.0
	path.separator = ;
	program.name = JBossTools: WildFly 8.x
	sun.arch.data.model = 64
	sun.boot.class.path = C:\Program Files\Java\jre1.8.0_181\lib\resources.jar;C:\Program Files\Java\jre1.8.0_181\lib\rt.jar;C:\Program Files\Java\jre1.8.0_181\lib\sunrsasign.jar;C:\Program Files\Java\jre1.8.0_181\lib\jsse.jar;C:\Program Files\Java\jre1.8.0_181\lib\jce.jar;C:\Program Files\Java\jre1.8.0_181\lib\charsets.jar;C:\Program Files\Java\jre1.8.0_181\lib\jfr.jar;C:\Program Files\Java\jre1.8.0_181\classes
	sun.boot.library.path = C:\Program Files\Java\jre1.8.0_181\bin
	sun.cpu.endian = little
	sun.cpu.isalist = amd64
	sun.desktop = windows
	sun.io.unicode.encoding = UnicodeLittle
	sun.java.command = org.jboss.modules.Main -mp C:\Users\cw015\Documents\alura\aulas\soap\wildfly\wildfly-8.2.0.Final\modules -jaxpmodule javax.xml.jaxp-provider -jaxpmodule javax.xml.jaxp-provider org.jboss.as.standalone -b localhost --server-config=standalone.xml -Djboss.server.base.dir=C:\Users\cw015\Documents\alura\aulas\soap\wildfly\wildfly-8.2.0.Final\standalone
	sun.java.launcher = SUN_STANDARD
	sun.jnu.encoding = Cp1252
	sun.management.compiler = HotSpot 64-Bit Tiered Compilers
	sun.os.patch.level = 
	sun.rmi.dgc.client.gcInterval = 3600000
	sun.rmi.dgc.server.gcInterval = 3600000
	user.country = BR
	user.dir = C:\Users\cw015\Documents\alura\aulas\soap\wildfly\wildfly-8.2.0.Final\bin
	user.home = C:\Users\cw015
	user.language = pt
	user.name = cw015
	user.script = 
	user.timezone = America/Sao_Paulo
	user.variant = 
2020-08-05 22:47:00,203 DEBUG [org.jboss.as.config] (MSC service thread 1-6) VM Arguments: -Dprogram.name=JBossTools: WildFly 8.x -Xms64m -Xmx512m -XX:MaxPermSize=256m -Dorg.jboss.resolver.warning=true -Djava.net.preferIPv4Stack=true -Dsun.rmi.dgc.client.gcInterval=3600000 -Dsun.rmi.dgc.server.gcInterval=3600000 -Djboss.modules.system.pkgs=org.jboss.byteman -Djava.awt.headless=true -Dorg.jboss.boot.log.file=C:\Users\cw015\Documents\alura\aulas\soap\wildfly\wildfly-8.2.0.Final\standalone\log\boot.log -Dlogging.configuration=file:C:\Users\cw015\Documents\alura\aulas\soap\wildfly\wildfly-8.2.0.Final\standalone\configuration\logging.properties -Djboss.home.dir=C:\Users\cw015\Documents\alura\aulas\soap\wildfly\wildfly-8.2.0.Final -Dorg.jboss.logmanager.nocolor=true -Djboss.bind.address.management=localhost -Dfile.encoding=UTF-8 
2020-08-05 22:47:01,427 INFO  [org.jboss.as.server.deployment.scanner] (DeploymentScanner-threads - 1) JBAS015003: Found estoque-web.war in deployment directory. To trigger deployment create a file called estoque-web.war.dodeploy
2020-08-05 22:47:01,442 INFO  [org.jboss.as.server] (Controller Boot Thread) JBAS015888: Creating http management service using socket-binding (management-http)
2020-08-05 22:47:01,460 INFO  [org.xnio] (MSC service thread 1-1) XNIO version 3.3.0.Final
2020-08-05 22:47:01,468 INFO  [org.xnio.nio] (MSC service thread 1-1) XNIO NIO Implementation Version 3.3.0.Final
2020-08-05 22:47:01,519 INFO  [org.jboss.as.security] (ServerService Thread Pool -- 45) JBAS013171: Activating Security Subsystem
2020-08-05 22:47:01,527 WARN  [org.jboss.as.txn] (ServerService Thread Pool -- 46) JBAS010153: Node identifier property is set to the default value. Please make sure it is unique.
2020-08-05 22:47:01,538 INFO  [org.jboss.as.security] (MSC service thread 1-4) JBAS013170: Current PicketBox version=4.0.21.Final
2020-08-05 22:47:01,542 INFO  [org.jboss.as.naming] (ServerService Thread Pool -- 40) JBAS011800: Activating Naming Subsystem
2020-08-05 22:47:01,551 INFO  [org.jboss.as.webservices] (ServerService Thread Pool -- 48) JBAS015537: Activating WebServices Extension
2020-08-05 22:47:01,556 INFO  [org.wildfly.extension.undertow] (ServerService Thread Pool -- 47) JBAS017502: Undertow 1.1.0.Final starting
2020-08-05 22:47:01,558 INFO  [org.wildfly.extension.undertow] (MSC service thread 1-8) JBAS017502: Undertow 1.1.0.Final starting
2020-08-05 22:47:01,582 INFO  [org.jboss.as.connector.logging] (MSC service thread 1-2) JBAS010408: Starting JCA Subsystem (IronJacamar 1.1.9.Final)
2020-08-05 22:47:01,596 INFO  [org.jboss.as.clustering.infinispan] (ServerService Thread Pool -- 32) JBAS010280: Activating Infinispan subsystem.
2020-08-05 22:47:01,600 INFO  [org.wildfly.extension.io] (ServerService Thread Pool -- 31) WFLYIO001: Worker 'default' has auto-configured to 8 core threads with 64 task threads based on your 4 available processors
2020-08-05 22:47:01,620 INFO  [org.jboss.as.jsf] (ServerService Thread Pool -- 38) JBAS012615: Activated the following JSF Implementations: [main]
2020-08-05 22:47:01,665 INFO  [org.jboss.as.naming] (MSC service thread 1-2) JBAS011802: Starting Naming Service
2020-08-05 22:47:01,682 INFO  [org.jboss.as.mail.extension] (MSC service thread 1-2) JBAS015400: Bound mail session [java:jboss/mail/Default]
2020-08-05 22:47:01,708 INFO  [org.jboss.as.connector.subsystems.datasources] (ServerService Thread Pool -- 27) JBAS010403: Deploying JDBC-compliant driver class org.h2.Driver (version 1.3)
2020-08-05 22:47:01,722 INFO  [org.jboss.as.connector.deployers.jdbc] (MSC service thread 1-4) JBAS010417: Started Driver service with driver-name = h2
2020-08-05 22:47:01,945 INFO  [org.jboss.remoting] (MSC service thread 1-7) JBoss Remoting version 4.0.6.Final
2020-08-05 22:47:02,197 INFO  [org.wildfly.extension.undertow] (ServerService Thread Pool -- 47) JBAS017527: Creating file handler for path C:\Users\cw015\Documents\alura\aulas\soap\wildfly\wildfly-8.2.0.Final/welcome-content
2020-08-05 22:47:02,222 INFO  [org.wildfly.extension.undertow] (MSC service thread 1-2) JBAS017525: Started server default-server.
2020-08-05 22:47:02,235 INFO  [org.wildfly.extension.undertow] (MSC service thread 1-2) JBAS017531: Host default-host starting
2020-08-05 22:47:02,326 INFO  [org.jboss.as.server.deployment.scanner] (MSC service thread 1-8) JBAS015012: Started FileSystemDeploymentService for directory C:\Users\cw015\Documents\alura\aulas\soap\wildfly\wildfly-8.2.0.Final\standalone\deployments
2020-08-05 22:47:02,330 INFO  [org.jboss.as.server.deployment] (MSC service thread 1-1) JBAS015876: Starting deployment of "estoque-web.war" (runtime-name: "estoque-web.war")
2020-08-05 22:47:02,631 INFO  [org.wildfly.extension.undertow] (MSC service thread 1-2) JBAS017519: Undertow HTTP listener default listening on localhost/127.0.0.1:8080
2020-08-05 22:47:02,821 INFO  [org.jboss.as.connector.subsystems.datasources] (MSC service thread 1-5) JBAS010400: Bound data source [java:jboss/datasources/ExampleDS]
2020-08-05 22:47:03,002 INFO  [org.jboss.ws.common.management] (MSC service thread 1-2) JBWS022052: Starting JBoss Web Services - Stack CXF Server 4.3.2.Final
2020-08-05 22:47:03,136 INFO  [org.jboss.ws.cxf.metadata] (MSC service thread 1-1) JBWS024061: Adding service endpoint metadata: id=br.com.caelum.estoque.ws.EstoqueWSImpl
 address=http://localhost:8080/estoque-web/EstoqueWS
 implementor=br.com.caelum.estoque.ws.EstoqueWSImpl
 serviceName={http://ws.estoque.caelum.com.br/}EstoqueWS
 portName={http://ws.estoque.caelum.com.br/}EstoqueWSPort
 annotationWsdlLocation=null
 wsdlLocationOverride=null
 mtomEnabled=false
2020-08-05 22:47:03,573 INFO  [org.apache.cxf.service.factory.ReflectionServiceFactoryBean] (MSC service thread 1-1) Creating Service {http://ws.estoque.caelum.com.br/}EstoqueWS from class br.com.caelum.estoque.ws.EstoqueWS
2020-08-05 22:47:04,294 INFO  [org.apache.cxf.endpoint.ServerImpl] (MSC service thread 1-1) Setting the server's publish address to be http://localhost:8080/estoque-web/EstoqueWS
2020-08-05 22:47:04,456 INFO  [org.jboss.ws.cxf.deployment] (MSC service thread 1-1) JBWS024074: WSDL published to: file:/C:/Users/cw015/Documents/alura/aulas/soap/wildfly/wildfly-8.2.0.Final/standalone/data/wsdl/estoque-web.war/EstoqueWS.wsdl
2020-08-05 22:47:04,482 INFO  [org.jboss.as.webservices] (MSC service thread 1-2) JBAS015539: Starting service jboss.ws.endpoint."estoque-web.war"."br.com.caelum.estoque.ws.EstoqueWSImpl"
2020-08-05 22:47:04,945 INFO  [org.wildfly.extension.undertow] (MSC service thread 1-6) JBAS017534: Registered web context: /estoque-web
2020-08-05 22:47:05,012 INFO  [org.jboss.as.server] (ServerService Thread Pool -- 28) JBAS018559: Deployed "estoque-web.war" (runtime-name : "estoque-web.war")
2020-08-05 22:47:05,137 INFO  [org.jboss.as] (Controller Boot Thread) JBAS015961: Http management interface listening on http://127.0.0.1:9990/management
2020-08-05 22:47:05,138 INFO  [org.jboss.as] (Controller Boot Thread) JBAS015951: Admin console listening on http://127.0.0.1:9990
2020-08-05 22:47:05,138 INFO  [org.jboss.as] (Controller Boot Thread) JBAS015874: WildFly 8.2.0.Final "Tweek" started in 5567ms - Started 255 of 310 services (92 services are lazy, passive or on-demand)
2020-08-05 22:47:13,987 INFO  [stdout] (default task-2) Chamando todos os Itens
2020-08-05 22:59:26,332 INFO  [org.jboss.modules] (main) JBoss Modules version 1.3.3.Final
2020-08-05 22:59:26,511 INFO  [org.jboss.msc] (main) JBoss MSC version 1.2.2.Final
2020-08-05 22:59:26,566 INFO  [org.jboss.as] (MSC service thread 1-6) JBAS015899: WildFly 8.2.0.Final "Tweek" starting
2020-08-05 22:59:26,571 DEBUG [org.jboss.as.config] (MSC service thread 1-6) Configured system properties:
	awt.toolkit = sun.awt.windows.WToolkit
	file.encoding = UTF-8
	file.encoding.pkg = sun.io
	file.separator = \
	java.awt.graphicsenv = sun.awt.Win32GraphicsEnvironment
	java.awt.headless = true
	java.awt.printerjob = sun.awt.windows.WPrinterJob
	java.class.path = C:\Users\cw015\Documents\alura\aulas\soap\wildfly\wildfly-8.2.0.Final\jboss-modules.jar;C:\Program Files\Java\jre1.8.0_181\lib\resources.jar;C:\Program Files\Java\jre1.8.0_181\lib\rt.jar;C:\Program Files\Java\jre1.8.0_181\lib\jsse.jar;C:\Program Files\Java\jre1.8.0_181\lib\jce.jar;C:\Program Files\Java\jre1.8.0_181\lib\charsets.jar;C:\Program Files\Java\jre1.8.0_181\lib\jfr.jar
	java.class.version = 52.0
	java.endorsed.dirs = C:\Program Files\Java\jre1.8.0_181\lib\endorsed
	java.ext.dirs = C:\Program Files\Java\jre1.8.0_181\lib\ext;C:\WINDOWS\Sun\Java\lib\ext
	java.home = C:\Program Files\Java\jre1.8.0_181
	java.io.tmpdir = C:\Users\cw015\AppData\Local\Temp\
	java.library.path = C:\Program Files\Java\jre1.8.0_181\bin;C:\WINDOWS\Sun\Java\bin;C:\WINDOWS\system32;C:\WINDOWS;native;C:/Program Files/Java/jre1.8.0_181/bin/server;C:/Program Files/Java/jre1.8.0_181/bin;C:/Program Files/Java/jre1.8.0_181/lib/amd64;C:\Python38\Scripts\;C:\Python38\;C:\Program Files (x86)\Common Files\Oracle\Java\javapath;C:\Windows\system32;C:\Windows;C:\Windows\System32\Wbem;C:\Windows\System32\WindowsPowerShell\v1.0\;C:\Program Files (x86)\NVIDIA Corporation\PhysX\Common;C:\Program Files\dotnet\;C:\Program Files\Microsoft SQL Server\130\Tools\Binn\;C:\WINDOWS\system32;C:\WINDOWS;C:\WINDOWS\System32\Wbem;C:\WINDOWS\System32\WindowsPowerShell\v1.0\;C:\WINDOWS\System32\OpenSSH\;C:\PROGRA~2\Groovy\GROOVY~1.2\bin;C:\Program Files\PuTTY\;C:\Program Files\Git\cmd;C:\Program Files\Microsoft VS Code\bin;C:\xampp\php;C:\ProgramData\ComposerSetup\bin;C:\Program Files\nodejs\;C:\ProgramData\chocolatey\bin;C:\Users\cw015\AppData\Local\Microsoft\WindowsApps;C:\Users\cw015\AppData\Local\GitHubDesktop\bin;C:\Users\cw015\AppData\Roaming\Composer\vendor\bin;C:\Program Files\heroku\bin;C:\Users\cw015\AppData\Roaming\npm;C:\Users\cw015\Desktop\eclipse-photon\eclipse;;.
	java.net.preferIPv4Stack = true
	java.runtime.name = Java(TM) SE Runtime Environment
	java.runtime.version = 1.8.0_181-b13
	java.specification.name = Java Platform API Specification
	java.specification.vendor = Oracle Corporation
	java.specification.version = 1.8
	java.util.logging.manager = org.jboss.logmanager.LogManager
	java.vendor = Oracle Corporation
	java.vendor.url = http://java.oracle.com/
	java.vendor.url.bug = http://bugreport.sun.com/bugreport/
	java.version = 1.8.0_181
	java.vm.info = mixed mode
	java.vm.name = Java HotSpot(TM) 64-Bit Server VM
	java.vm.specification.name = Java Virtual Machine Specification
	java.vm.specification.vendor = Oracle Corporation
	java.vm.specification.version = 1.8
	java.vm.vendor = Oracle Corporation
	java.vm.version = 25.181-b13
	javax.management.builder.initial = org.jboss.as.jmx.PluggableMBeanServerBuilder
	javax.xml.datatype.DatatypeFactory = __redirected.__DatatypeFactory
	javax.xml.parsers.DocumentBuilderFactory = __redirected.__DocumentBuilderFactory
	javax.xml.parsers.SAXParserFactory = __redirected.__SAXParserFactory
	javax.xml.stream.XMLEventFactory = __redirected.__XMLEventFactory
	javax.xml.stream.XMLInputFactory = __redirected.__XMLInputFactory
	javax.xml.stream.XMLOutputFactory = __redirected.__XMLOutputFactory
	javax.xml.transform.TransformerFactory = __redirected.__TransformerFactory
	javax.xml.validation.SchemaFactory:http://www.w3.org/2001/XMLSchema = __redirected.__SchemaFactory
	javax.xml.xpath.XPathFactory:http://java.sun.com/jaxp/xpath/dom = __redirected.__XPathFactory
	jboss.bind.address = localhost
	jboss.bind.address.management = localhost
	jboss.home.dir = C:\Users\cw015\Documents\alura\aulas\soap\wildfly\wildfly-8.2.0.Final
	jboss.host.name = laptop-1i11bgig
	jboss.modules.dir = C:\Users\cw015\Documents\alura\aulas\soap\wildfly\wildfly-8.2.0.Final\modules
	jboss.modules.system.pkgs = org.jboss.byteman
	jboss.node.name = laptop-1i11bgig
	jboss.qualified.host.name = laptop-1i11bgig
	jboss.server.base.dir = C:\Users\cw015\Documents\alura\aulas\soap\wildfly\wildfly-8.2.0.Final\standalone
	jboss.server.config.dir = C:\Users\cw015\Documents\alura\aulas\soap\wildfly\wildfly-8.2.0.Final\standalone\configuration
	jboss.server.data.dir = C:\Users\cw015\Documents\alura\aulas\soap\wildfly\wildfly-8.2.0.Final\standalone\data
	jboss.server.deploy.dir = C:\Users\cw015\Documents\alura\aulas\soap\wildfly\wildfly-8.2.0.Final\standalone\data\content
	jboss.server.log.dir = C:\Users\cw015\Documents\alura\aulas\soap\wildfly\wildfly-8.2.0.Final\standalone\log
	jboss.server.name = laptop-1i11bgig
	jboss.server.persist.config = true
	jboss.server.temp.dir = C:\Users\cw015\Documents\alura\aulas\soap\wildfly\wildfly-8.2.0.Final\standalone\tmp
	line.separator = 

	logging.configuration = file:C:\Users\cw015\Documents\alura\aulas\soap\wildfly\wildfly-8.2.0.Final\standalone\configuration\logging.properties
	module.path = C:\Users\cw015\Documents\alura\aulas\soap\wildfly\wildfly-8.2.0.Final\modules
	org.jboss.boot.log.file = C:\Users\cw015\Documents\alura\aulas\soap\wildfly\wildfly-8.2.0.Final\standalone\log\boot.log
	org.jboss.logmanager.nocolor = true
	org.jboss.resolver.warning = true
	org.xml.sax.driver = __redirected.__XMLReaderFactory
	os.arch = amd64
	os.name = Windows 10
	os.version = 10.0
	path.separator = ;
	program.name = JBossTools: WildFly 8.x
	sun.arch.data.model = 64
	sun.boot.class.path = C:\Program Files\Java\jre1.8.0_181\lib\resources.jar;C:\Program Files\Java\jre1.8.0_181\lib\rt.jar;C:\Program Files\Java\jre1.8.0_181\lib\sunrsasign.jar;C:\Program Files\Java\jre1.8.0_181\lib\jsse.jar;C:\Program Files\Java\jre1.8.0_181\lib\jce.jar;C:\Program Files\Java\jre1.8.0_181\lib\charsets.jar;C:\Program Files\Java\jre1.8.0_181\lib\jfr.jar;C:\Program Files\Java\jre1.8.0_181\classes
	sun.boot.library.path = C:\Program Files\Java\jre1.8.0_181\bin
	sun.cpu.endian = little
	sun.cpu.isalist = amd64
	sun.desktop = windows
	sun.io.unicode.encoding = UnicodeLittle
	sun.java.command = org.jboss.modules.Main -mp C:\Users\cw015\Documents\alura\aulas\soap\wildfly\wildfly-8.2.0.Final\modules -jaxpmodule javax.xml.jaxp-provider -jaxpmodule javax.xml.jaxp-provider org.jboss.as.standalone -b localhost --server-config=standalone.xml -Djboss.server.base.dir=C:\Users\cw015\Documents\alura\aulas\soap\wildfly\wildfly-8.2.0.Final\standalone
	sun.java.launcher = SUN_STANDARD
	sun.jnu.encoding = Cp1252
	sun.management.compiler = HotSpot 64-Bit Tiered Compilers
	sun.os.patch.level = 
	sun.rmi.dgc.client.gcInterval = 3600000
	sun.rmi.dgc.server.gcInterval = 3600000
	user.country = BR
	user.dir = C:\Users\cw015\Documents\alura\aulas\soap\wildfly\wildfly-8.2.0.Final\bin
	user.home = C:\Users\cw015
	user.language = pt
	user.name = cw015
	user.script = 
	user.timezone = America/Sao_Paulo
	user.variant = 
2020-08-05 22:59:26,572 DEBUG [org.jboss.as.config] (MSC service thread 1-6) VM Arguments: -Dprogram.name=JBossTools: WildFly 8.x -Xms64m -Xmx512m -XX:MaxPermSize=256m -Dorg.jboss.resolver.warning=true -Djava.net.preferIPv4Stack=true -Dsun.rmi.dgc.client.gcInterval=3600000 -Dsun.rmi.dgc.server.gcInterval=3600000 -Djboss.modules.system.pkgs=org.jboss.byteman -Djava.awt.headless=true -Dorg.jboss.boot.log.file=C:\Users\cw015\Documents\alura\aulas\soap\wildfly\wildfly-8.2.0.Final\standalone\log\boot.log -Dlogging.configuration=file:C:\Users\cw015\Documents\alura\aulas\soap\wildfly\wildfly-8.2.0.Final\standalone\configuration\logging.properties -Djboss.home.dir=C:\Users\cw015\Documents\alura\aulas\soap\wildfly\wildfly-8.2.0.Final -Dorg.jboss.logmanager.nocolor=true -Djboss.bind.address.management=localhost -Dfile.encoding=UTF-8 
2020-08-05 22:59:27,924 INFO  [org.jboss.as.server.deployment.scanner] (DeploymentScanner-threads - 1) JBAS015003: Found estoque-web.war in deployment directory. To trigger deployment create a file called estoque-web.war.dodeploy
2020-08-05 22:59:27,938 INFO  [org.jboss.as.server] (Controller Boot Thread) JBAS015888: Creating http management service using socket-binding (management-http)
2020-08-05 22:59:27,954 INFO  [org.xnio] (MSC service thread 1-5) XNIO version 3.3.0.Final
2020-08-05 22:59:27,962 INFO  [org.xnio.nio] (MSC service thread 1-5) XNIO NIO Implementation Version 3.3.0.Final
2020-08-05 22:59:28,014 INFO  [org.wildfly.extension.io] (ServerService Thread Pool -- 31) WFLYIO001: Worker 'default' has auto-configured to 8 core threads with 64 task threads based on your 4 available processors
2020-08-05 22:59:28,017 WARN  [org.jboss.as.txn] (ServerService Thread Pool -- 46) JBAS010153: Node identifier property is set to the default value. Please make sure it is unique.
2020-08-05 22:59:28,023 INFO  [org.jboss.as.security] (ServerService Thread Pool -- 45) JBAS013171: Activating Security Subsystem
2020-08-05 22:59:28,032 INFO  [org.jboss.as.naming] (ServerService Thread Pool -- 40) JBAS011800: Activating Naming Subsystem
2020-08-05 22:59:28,036 INFO  [org.jboss.as.security] (MSC service thread 1-8) JBAS013170: Current PicketBox version=4.0.21.Final
2020-08-05 22:59:28,038 INFO  [org.jboss.as.jsf] (ServerService Thread Pool -- 38) JBAS012615: Activated the following JSF Implementations: [main]
2020-08-05 22:59:28,045 INFO  [org.jboss.as.webservices] (ServerService Thread Pool -- 48) JBAS015537: Activating WebServices Extension
2020-08-05 22:59:28,045 INFO  [org.jboss.as.clustering.infinispan] (ServerService Thread Pool -- 32) JBAS010280: Activating Infinispan subsystem.
2020-08-05 22:59:28,071 INFO  [org.wildfly.extension.undertow] (ServerService Thread Pool -- 47) JBAS017502: Undertow 1.1.0.Final starting
2020-08-05 22:59:28,074 INFO  [org.wildfly.extension.undertow] (MSC service thread 1-4) JBAS017502: Undertow 1.1.0.Final starting
2020-08-05 22:59:28,090 INFO  [org.jboss.as.connector.logging] (MSC service thread 1-8) JBAS010408: Starting JCA Subsystem (IronJacamar 1.1.9.Final)
2020-08-05 22:59:28,240 INFO  [org.jboss.as.connector.subsystems.datasources] (ServerService Thread Pool -- 27) JBAS010403: Deploying JDBC-compliant driver class org.h2.Driver (version 1.3)
2020-08-05 22:59:28,295 INFO  [org.jboss.as.connector.deployers.jdbc] (MSC service thread 1-4) JBAS010417: Started Driver service with driver-name = h2
2020-08-05 22:59:28,296 INFO  [org.jboss.as.naming] (MSC service thread 1-4) JBAS011802: Starting Naming Service
2020-08-05 22:59:28,297 INFO  [org.jboss.as.mail.extension] (MSC service thread 1-4) JBAS015400: Bound mail session [java:jboss/mail/Default]
2020-08-05 22:59:28,383 INFO  [org.jboss.remoting] (MSC service thread 1-5) JBoss Remoting version 4.0.6.Final
2020-08-05 22:59:28,596 INFO  [org.wildfly.extension.undertow] (ServerService Thread Pool -- 47) JBAS017527: Creating file handler for path C:\Users\cw015\Documents\alura\aulas\soap\wildfly\wildfly-8.2.0.Final/welcome-content
2020-08-05 22:59:28,663 INFO  [org.wildfly.extension.undertow] (MSC service thread 1-2) JBAS017525: Started server default-server.
2020-08-05 22:59:28,667 INFO  [org.wildfly.extension.undertow] (MSC service thread 1-2) JBAS017531: Host default-host starting
2020-08-05 22:59:28,805 INFO  [org.jboss.as.server.deployment.scanner] (MSC service thread 1-8) JBAS015012: Started FileSystemDeploymentService for directory C:\Users\cw015\Documents\alura\aulas\soap\wildfly\wildfly-8.2.0.Final\standalone\deployments
2020-08-05 22:59:28,806 INFO  [org.jboss.as.server.deployment] (MSC service thread 1-2) JBAS015876: Starting deployment of "estoque-web.war" (runtime-name: "estoque-web.war")
2020-08-05 22:59:29,084 INFO  [org.wildfly.extension.undertow] (MSC service thread 1-4) JBAS017519: Undertow HTTP listener default listening on localhost/127.0.0.1:8080
2020-08-05 22:59:29,272 INFO  [org.jboss.as.connector.subsystems.datasources] (MSC service thread 1-7) JBAS010400: Bound data source [java:jboss/datasources/ExampleDS]
2020-08-05 22:59:29,467 INFO  [org.jboss.ws.common.management] (MSC service thread 1-4) JBWS022052: Starting JBoss Web Services - Stack CXF Server 4.3.2.Final
2020-08-05 22:59:29,615 INFO  [org.jboss.ws.cxf.metadata] (MSC service thread 1-2) JBWS024061: Adding service endpoint metadata: id=br.com.caelum.estoque.ws.EstoqueWSImpl
 address=http://localhost:8080/estoque-web/EstoqueWS
 implementor=br.com.caelum.estoque.ws.EstoqueWSImpl
 serviceName={http://ws.estoque.caelum.com.br/}EstoqueWS
 portName={http://ws.estoque.caelum.com.br/}EstoqueWSPort
 annotationWsdlLocation=null
 wsdlLocationOverride=null
 mtomEnabled=false
2020-08-05 22:59:29,947 INFO  [org.apache.cxf.service.factory.ReflectionServiceFactoryBean] (MSC service thread 1-2) Creating Service {http://ws.estoque.caelum.com.br/}EstoqueWS from class br.com.caelum.estoque.ws.EstoqueWS
2020-08-05 22:59:30,648 INFO  [org.apache.cxf.endpoint.ServerImpl] (MSC service thread 1-2) Setting the server's publish address to be http://localhost:8080/estoque-web/EstoqueWS
2020-08-05 22:59:30,783 INFO  [org.jboss.ws.cxf.deployment] (MSC service thread 1-2) JBWS024074: WSDL published to: file:/C:/Users/cw015/Documents/alura/aulas/soap/wildfly/wildfly-8.2.0.Final/standalone/data/wsdl/estoque-web.war/EstoqueWS.wsdl
2020-08-05 22:59:30,814 INFO  [org.jboss.as.webservices] (MSC service thread 1-1) JBAS015539: Starting service jboss.ws.endpoint."estoque-web.war"."br.com.caelum.estoque.ws.EstoqueWSImpl"
2020-08-05 22:59:31,254 INFO  [org.wildfly.extension.undertow] (MSC service thread 1-4) JBAS017534: Registered web context: /estoque-web
2020-08-05 22:59:31,303 INFO  [org.jboss.as.server] (ServerService Thread Pool -- 28) JBAS018559: Deployed "estoque-web.war" (runtime-name : "estoque-web.war")
2020-08-05 22:59:31,413 INFO  [org.jboss.as] (Controller Boot Thread) JBAS015961: Http management interface listening on http://127.0.0.1:9990/management
2020-08-05 22:59:31,413 INFO  [org.jboss.as] (Controller Boot Thread) JBAS015951: Admin console listening on http://127.0.0.1:9990
2020-08-05 22:59:31,413 INFO  [org.jboss.as] (Controller Boot Thread) JBAS015874: WildFly 8.2.0.Final "Tweek" started in 5386ms - Started 255 of 310 services (92 services are lazy, passive or on-demand)
2020-08-05 23:04:04,631 INFO  [stdout] (default task-4) Chamando todos os Itens
2020-08-05 23:10:13,071 INFO  [org.wildfly.extension.undertow] (MSC service thread 1-4) JBAS017535: Unregistered web context: /estoque-web
2020-08-05 23:10:13,099 INFO  [org.wildfly.extension.undertow] (MSC service thread 1-1) JBAS017532: Host default-host stopping
2020-08-05 23:10:13,100 INFO  [org.jboss.as.webservices] (MSC service thread 1-2) JBAS015540: Stopping service jboss.ws.endpoint."estoque-web.war"."br.com.caelum.estoque.ws.EstoqueWSImpl"
2020-08-05 23:10:13,108 INFO  [org.jboss.as.connector.subsystems.datasources] (MSC service thread 1-8) JBAS010409: Unbound data source [java:jboss/datasources/ExampleDS]
2020-08-05 23:10:13,115 INFO  [org.jboss.as.connector.deployers.jdbc] (MSC service thread 1-4) JBAS010418: Stopped Driver service with driver-name = h2
2020-08-05 23:10:13,162 INFO  [org.wildfly.extension.undertow] (MSC service thread 1-7) JBAS017521: Undertow HTTP listener default suspending
2020-08-05 23:10:13,168 INFO  [org.wildfly.extension.undertow] (MSC service thread 1-7) JBAS017520: Undertow HTTP listener default stopped, was bound to localhost/127.0.0.1:8080
2020-08-05 23:10:13,170 INFO  [org.wildfly.extension.undertow] (MSC service thread 1-7) JBAS017506: Undertow 1.1.0.Final stopping
2020-08-05 23:10:13,194 INFO  [org.hibernate.validator.internal.util.Version] (MSC service thread 1-6) HV000001: Hibernate Validator 5.1.3.Final
2020-08-05 23:10:13,285 INFO  [org.jboss.as.server.deployment] (MSC service thread 1-6) JBAS015877: Stopped deployment estoque-web.war (runtime-name: estoque-web.war) in 274ms
2020-08-05 23:10:13,297 INFO  [org.jboss.as] (MSC service thread 1-3) JBAS015950: WildFly 8.2.0.Final "Tweek" stopped in 213ms
